2023-09-10T18:08:50.723+05:30  INFO 6320 --- [restartedMain] com.quiz.QizApplication                  : Starting QizApplication using Java 17.0.7 with PID 6320 (C:\Users\Lok Esh\Documents\workspace-spring-tool-suite-4-4.19.0.RELEASE\qiz -Monolithic\target\classes started by Lok Esh in C:\Users\Lok Esh\Documents\workspace-spring-tool-suite-4-4.19.0.RELEASE\qiz -Monolithic)
2023-09-10T18:08:50.725+05:30  INFO 6320 --- [restartedMain] com.quiz.QizApplication                  : No active profile set, falling back to 1 default profile: "default"
2023-09-10T18:08:50.751+05:30  INFO 6320 --- [restartedMain] .e.DevToolsPropertyDefaultsPostProcessor : Devtools property defaults active! Set 'spring.devtools.add-properties' to 'false' to disable
2023-09-10T18:08:50.752+05:30  INFO 6320 --- [restartedMain] .e.DevToolsPropertyDefaultsPostProcessor : For additional web related logging consider setting the 'logging.level.web' property to 'DEBUG'
2023-09-10T18:08:51.104+05:30  INFO 6320 --- [restartedMain] .s.d.r.c.RepositoryConfigurationDelegate : Bootstrapping Spring Data JPA repositories in DEFAULT mode.
2023-09-10T18:08:51.136+05:30  INFO 6320 --- [restartedMain] .s.d.r.c.RepositoryConfigurationDelegate : Finished Spring Data repository scanning in 27 ms. Found 2 JPA repository interfaces.
2023-09-10T18:08:51.589+05:30  INFO 6320 --- [restartedMain] o.s.b.w.embedded.tomcat.TomcatWebServer  : Tomcat initialized with port(s): 8080 (http)
2023-09-10T18:08:51.595+05:30  INFO 6320 --- [restartedMain] o.apache.catalina.core.StandardService   : Starting service [Tomcat]
2023-09-10T18:08:51.595+05:30  INFO 6320 --- [restartedMain] o.apache.catalina.core.StandardEngine    : Starting Servlet engine: [Apache Tomcat/10.1.11]
2023-09-10T18:08:51.635+05:30  INFO 6320 --- [restartedMain] o.a.c.c.C.[Tomcat].[localhost].[/]       : Initializing Spring embedded WebApplicationContext
2023-09-10T18:08:51.636+05:30  INFO 6320 --- [restartedMain] w.s.c.ServletWebServerApplicationContext : Root WebApplicationContext: initialization completed in 884 ms
2023-09-10T18:08:51.740+05:30  INFO 6320 --- [restartedMain] o.hibernate.jpa.internal.util.LogHelper  : HHH000204: Processing PersistenceUnitInfo [name: default]
2023-09-10T18:08:51.772+05:30  INFO 6320 --- [restartedMain] org.hibernate.Version                    : HHH000412: Hibernate ORM core version 6.2.6.Final
2023-09-10T18:08:51.774+05:30  INFO 6320 --- [restartedMain] org.hibernate.cfg.Environment            : HHH000406: Using bytecode reflection optimizer
2023-09-10T18:08:51.856+05:30  INFO 6320 --- [restartedMain] o.h.b.i.BytecodeProviderInitiator        : HHH000021: Bytecode provider name : bytebuddy
2023-09-10T18:08:51.937+05:30  INFO 6320 --- [restartedMain] o.s.o.j.p.SpringPersistenceUnitInfo      : No LoadTimeWeaver setup: ignoring JPA class transformer
2023-09-10T18:08:51.947+05:30  INFO 6320 --- [restartedMain] com.zaxxer.hikari.HikariDataSource       : HikariPool-1 - Starting...
2023-09-10T18:08:52.049+05:30  INFO 6320 --- [restartedMain] com.zaxxer.hikari.pool.HikariPool        : HikariPool-1 - Added connection org.postgresql.jdbc.PgConnection@1008525d
2023-09-10T18:08:52.050+05:30  INFO 6320 --- [restartedMain] com.zaxxer.hikari.HikariDataSource       : HikariPool-1 - Start completed.
2023-09-10T18:08:52.210+05:30  INFO 6320 --- [restartedMain] o.h.b.i.BytecodeProviderInitiator        : HHH000021: Bytecode provider name : bytebuddy
2023-09-10T18:08:52.614+05:30  INFO 6320 --- [restartedMain] o.h.e.t.j.p.i.JtaPlatformInitiator       : HHH000490: Using JtaPlatform implementation: [org.hibernate.engine.transaction.jta.platform.internal.NoJtaPlatform]
2023-09-10T18:08:52.662+05:30  INFO 6320 --- [restartedMain] j.LocalContainerEntityManagerFactoryBean : Initialized JPA EntityManagerFactory for persistence unit 'default'
2023-09-10T18:08:52.899+05:30  INFO 6320 --- [restartedMain] o.s.d.j.r.query.QueryEnhancerFactory     : Hibernate is in classpath; If applicable, HQL parser will be used.
2023-09-10T18:08:52.975+05:30  WARN 6320 --- [restartedMain] JpaBaseConfiguration$JpaWebConfiguration : spring.jpa.open-in-view is enabled by default. Therefore, database queries may be performed during view rendering. Explicitly configure spring.jpa.open-in-view to disable this warning
2023-09-10T18:08:53.436+05:30  INFO 6320 --- [restartedMain] o.s.b.d.a.OptionalLiveReloadServer       : LiveReload server is running on port 35729
2023-09-10T18:08:53.458+05:30  INFO 6320 --- [restartedMain] o.s.b.w.embedded.tomcat.TomcatWebServer  : Tomcat started on port(s): 8080 (http) with context path ''
2023-09-10T18:08:53.464+05:30  INFO 6320 --- [restartedMain] com.quiz.QizApplication                  : Started QizApplication in 2.971 seconds (process running for 3.424)
2023-09-10T18:09:12.223+05:30  INFO 6320 --- [http-nio-8080-exec-1] o.a.c.c.C.[Tomcat].[localhost].[/]       : Initializing Spring DispatcherServlet 'dispatcherServlet'
2023-09-10T18:09:12.223+05:30  INFO 6320 --- [http-nio-8080-exec-1] o.s.web.servlet.DispatcherServlet        : Initializing Servlet 'dispatcherServlet'
2023-09-10T18:09:12.224+05:30  INFO 6320 --- [http-nio-8080-exec-1] o.s.web.servlet.DispatcherServlet        : Completed initialization in 1 ms
2023-09-10T18:09:12.251+05:30  INFO 6320 --- [http-nio-8080-exec-1] com.quiz.advice.LoggingAdvice            : method invokedclass com.quiz.controller.QuestionController:getAllQuestions()args: []
2023-09-10T18:09:12.254+05:30  INFO 6320 --- [http-nio-8080-exec-1] com.quiz.advice.LoggingAdvice            : method invokedclass com.quiz.service.QuestionService:getAllQuestions()args: []
2023-09-10T18:09:12.359+05:30  INFO 6320 --- [http-nio-8080-exec-1] com.quiz.advice.LoggingAdvice            : class com.quiz.service.QuestionService:getAllQuestions()response: {"headers":{},"body":[{"id":1,"questionTitle":"Which data type is used to represent a single 16-bit Unicode character in Java?","option1":"char","option2":"String","option3":"byte","option4":"int","rightAns":"char","category":"Java"},{"id":2,"questionTitle":"What is the keyword used for inheritance in Java?","option1":"extends","option2":"implements","option3":"inherits","option4":"derives","rightAns":"extends","category":"Java"},{"id":3,"questionTitle":"Which access modifier is the most restrictive in Java?","option1":"private","option2":"default","option3":"protected","option4":"public","rightAns":"private","category":"Java"},{"id":4,"questionTitle":"What is the purpose of the 'final' keyword in Java?","option1":"To prevent method overriding","option2":"To declare a constant","option3":"To create a singleton class","option4":"To indicate an abstract class","rightAns":"To declare a constant","category":"Java"},{"id":5,"questionTitle":"Which collection class in Java allows duplicate elements?","option1":"HashSet","option2":"TreeSet","option3":"ArrayList","option4":"LinkedHashSet","rightAns":"ArrayList","category":"Java"},{"id":6,"questionTitle":"What is the output of the following code snippet?\npublic static void main(String[] args) {\n  int x = 5;\n  x += 3;\n  System.out.println(x);\n}","option1":"3","option2":"5","option3":"8","option4":"15","rightAns":"8","category":"Java"},{"id":7,"questionTitle":"Which exception is thrown when an array index is out of bounds?","option1":"ArrayIndexOutOfBoundsException","option2":"NullPointerException","option3":"IndexOutOfBoundsException","option4":"ArrayStoreException","rightAns":"ArrayIndexOutOfBoundsException","category":"Java"}],"statusCode":"OK","statusCodeValue":200}
2023-09-10T18:09:12.359+05:30  INFO 6320 --- [http-nio-8080-exec-1] com.quiz.advice.LoggingAdvice            : timetaken: 105
2023-09-10T18:09:12.362+05:30  INFO 6320 --- [http-nio-8080-exec-1] com.quiz.advice.LoggingAdvice            : class com.quiz.controller.QuestionController:getAllQuestions()response: {"headers":{},"body":[{"id":1,"questionTitle":"Which data type is used to represent a single 16-bit Unicode character in Java?","option1":"char","option2":"String","option3":"byte","option4":"int","rightAns":"char","category":"Java"},{"id":2,"questionTitle":"What is the keyword used for inheritance in Java?","option1":"extends","option2":"implements","option3":"inherits","option4":"derives","rightAns":"extends","category":"Java"},{"id":3,"questionTitle":"Which access modifier is the most restrictive in Java?","option1":"private","option2":"default","option3":"protected","option4":"public","rightAns":"private","category":"Java"},{"id":4,"questionTitle":"What is the purpose of the 'final' keyword in Java?","option1":"To prevent method overriding","option2":"To declare a constant","option3":"To create a singleton class","option4":"To indicate an abstract class","rightAns":"To declare a constant","category":"Java"},{"id":5,"questionTitle":"Which collection class in Java allows duplicate elements?","option1":"HashSet","option2":"TreeSet","option3":"ArrayList","option4":"LinkedHashSet","rightAns":"ArrayList","category":"Java"},{"id":6,"questionTitle":"What is the output of the following code snippet?\npublic static void main(String[] args) {\n  int x = 5;\n  x += 3;\n  System.out.println(x);\n}","option1":"3","option2":"5","option3":"8","option4":"15","rightAns":"8","category":"Java"},{"id":7,"questionTitle":"Which exception is thrown when an array index is out of bounds?","option1":"ArrayIndexOutOfBoundsException","option2":"NullPointerException","option3":"IndexOutOfBoundsException","option4":"ArrayStoreException","rightAns":"ArrayIndexOutOfBoundsException","category":"Java"}],"statusCode":"OK","statusCodeValue":200}
2023-09-10T18:09:41.118+05:30  INFO 6320 --- [RMI TCP Connection(10)-127.0.0.1] inMXBeanRegistrar$SpringApplicationAdmin : Application shutdown requested.
2023-09-10T18:09:41.123+05:30  INFO 6320 --- [RMI TCP Connection(10)-127.0.0.1] o.apache.catalina.core.StandardService   : Stopping service [Tomcat]
2023-09-10T18:09:41.124+05:30  INFO 6320 --- [RMI TCP Connection(10)-127.0.0.1] o.a.c.c.C.[Tomcat].[localhost].[/]       : Destroying Spring FrameworkServlet 'dispatcherServlet'
2023-09-10T18:09:41.128+05:30  INFO 6320 --- [RMI TCP Connection(10)-127.0.0.1] j.LocalContainerEntityManagerFactoryBean : Closing JPA EntityManagerFactory for persistence unit 'default'
2023-09-10T18:09:41.130+05:30  INFO 6320 --- [RMI TCP Connection(10)-127.0.0.1] com.zaxxer.hikari.HikariDataSource       : HikariPool-1 - Shutdown initiated...
2023-09-10T18:09:41.131+05:30  INFO 6320 --- [RMI TCP Connection(10)-127.0.0.1] com.zaxxer.hikari.HikariDataSource       : HikariPool-1 - Shutdown completed.
